c:\users\nathan\documents\github\hci_557_2016_nf\homework_4\problem 1\hw4_program.dir\debug\vc140.pdb
c:\users\nathan\documents\github\hci_557_2016_nf\homework_4\problem 1\hw4_program.dir\debug\shaderfileutils.obj
c:\users\nathan\documents\github\hci_557_2016_nf\homework_4\problem 1\hw4_program.dir\debug\imgloader.obj
c:\users\nathan\documents\github\hci_557_2016_nf\homework_4\problem 1\hw4_program.dir\debug\coordsystem.obj
c:\users\nathan\documents\github\hci_557_2016_nf\homework_4\problem 1\hw4_program.dir\debug\hci557common.obj
c:\users\nathan\documents\github\hci_557_2016_nf\homework_4\problem 1\hw4_program.dir\debug\controls.obj
c:\users\nathan\documents\github\hci_557_2016_nf\homework_4\problem 1\hw4_program.dir\debug\hw4_main.obj
c:\users\nathan\documents\github\hci_557_2016_nf\homework_4\problem 1\debug\hw4_program.pdb
c:\users\nathan\documents\github\hci_557_2016_nf\homework_4\problem 1\hw4_program.dir\debug\hw4_program.tlog\cl.command.1.tlog
c:\users\nathan\documents\github\hci_557_2016_nf\homework_4\problem 1\hw4_program.dir\debug\hw4_program.tlog\cl.read.1.tlog
c:\users\nathan\documents\github\hci_557_2016_nf\homework_4\problem 1\hw4_program.dir\debug\hw4_program.tlog\cl.write.1.tlog
c:\users\nathan\documents\github\hci_557_2016_nf\homework_4\problem 1\hw4_program.dir\debug\hw4_program.tlog\custombuild.command.1.tlog
c:\users\nathan\documents\github\hci_557_2016_nf\homework_4\problem 1\hw4_program.dir\debug\hw4_program.tlog\custombuild.read.1.tlog
c:\users\nathan\documents\github\hci_557_2016_nf\homework_4\problem 1\hw4_program.dir\debug\hw4_program.tlog\custombuild.write.1.tlog
c:\users\nathan\documents\github\hci_557_2016_nf\homework_4\problem 1\hw4_program.dir\debug\hw4_program.tlog\link.5912-cvtres.read.1.tlog
c:\users\nathan\documents\github\hci_557_2016_nf\homework_4\problem 1\hw4_program.dir\debug\hw4_program.tlog\link.5912-cvtres.write.1.tlog
c:\users\nathan\documents\github\hci_557_2016_nf\homework_4\problem 1\hw4_program.dir\debug\hw4_program.tlog\link.5912-rc.read.1.tlog
c:\users\nathan\documents\github\hci_557_2016_nf\homework_4\problem 1\hw4_program.dir\debug\hw4_program.tlog\link.5912-rc.write.1.tlog
c:\users\nathan\documents\github\hci_557_2016_nf\homework_4\problem 1\hw4_program.dir\debug\hw4_program.tlog\link.5912.read.1.tlog
c:\users\nathan\documents\github\hci_557_2016_nf\homework_4\problem 1\hw4_program.dir\debug\hw4_program.tlog\link.5912.write.1.tlog
c:\users\nathan\documents\github\hci_557_2016_nf\homework_4\problem 1\hw4_program.dir\debug\hw4_program.tlog\link.command.1.tlog
c:\users\nathan\documents\github\hci_557_2016_nf\homework_4\problem 1\hw4_program.dir\debug\hw4_program.tlog\link.read.1.tlog
c:\users\nathan\documents\github\hci_557_2016_nf\homework_4\problem 1\hw4_program.dir\debug\hw4_program.tlog\link.write.1.tlog
